TN:
SF:src\index.ts
FN:16,(anonymous_1)
FNF:1
FNH:1
FNDA:1,(anonymous_1)
DA:1,1
DA:2,1
DA:3,1
DA:4,1
DA:5,1
DA:7,1
DA:9,1
DA:10,1
DA:11,1
DA:12,1
DA:14,1
DA:16,1
DA:17,1
DA:20,1
LF:14
LH:14
BRDA:14,0,0,1
BRDA:14,0,1,1
BRF:2
BRH:2
end_of_record
TN:
SF:src\db\index.ts
FNF:0
FNH:0
DA:2,2
DA:3,2
DA:5,2
DA:6,2
DA:7,2
DA:15,2
DA:16,0
DA:18,2
DA:19,2
DA:23,2
LF:10
LH:9
BRDA:15,0,0,0
BRDA:15,0,1,2
BRDA:18,1,0,2
BRF:3
BRH:2
end_of_record
TN:
SF:src\db\schema\todo.ts
FNF:0
FNH:0
DA:1,2
DA:2,2
DA:4,2
LF:3
LH:3
BRF:0
BRH:0
end_of_record
TN:
SF:src\routers\todo.ts
FN:8,(anonymous_8)
FN:8,(anonymous_9)
FN:19,(anonymous_10)
FN:19,(anonymous_11)
FN:48,(anonymous_12)
FN:48,(anonymous_13)
FN:66,(anonymous_14)
FN:66,(anonymous_15)
FNF:8
FNH:8
FNDA:3,(anonymous_8)
FNDA:3,(anonymous_9)
FNDA:1,(anonymous_10)
FNDA:1,(anonymous_11)
FNDA:1,(anonymous_12)
FNDA:1,(anonymous_13)
FNDA:1,(anonymous_14)
FNDA:1,(anonymous_15)
DA:1,1
DA:2,1
DA:3,1
DA:4,1
DA:6,1
DA:8,3
DA:9,3
DA:10,3
DA:13,3
DA:15,0
DA:19,1
DA:20,1
DA:21,1
DA:23,1
DA:24,0
DA:29,1
DA:34,1
DA:35,0
DA:40,1
DA:44,0
DA:48,1
DA:49,1
DA:50,1
DA:52,1
DA:53,0
DA:58,1
DA:62,0
DA:66,1
DA:67,1
DA:68,1
DA:69,1
DA:74,1
DA:75,0
DA:80,1
DA:84,0
DA:88,1
LF:36
LH:28
BRDA:23,0,0,0
BRDA:34,1,0,0
BRDA:52,2,0,0
BRDA:74,3,0,0
BRF:4
BRH:0
end_of_record
